0 info it worked if it ends with ok
1 verbose cli [ 'node',
1 verbose cli   '/usr/local/bin/npm',
1 verbose cli   'install',
1 verbose cli   'https://github.com/aramk/CSSJSON.git' ]
2 info using npm@3.3.5
3 info using node@v0.12.2
4 verbose node symlink /usr/local/bin/node
5 silly loadCurrentTree Starting
6 silly install loadCurrentTree
7 silly install readLocalPackageData
8 silly fetchPackageMetaData https://github.com/aramk/CSSJSON.git
9 silly fetchOtherPackageData https://github.com/aramk/CSSJSON.git
10 silly cache add args [ 'https://github.com/aramk/CSSJSON.git', null ]
11 verbose cache add spec https://github.com/aramk/CSSJSON.git
12 silly cache add parsed spec { raw: 'https://github.com/aramk/CSSJSON.git',
12 silly cache add   scope: null,
12 silly cache add   name: null,
12 silly cache add   rawSpec: 'https://github.com/aramk/CSSJSON.git',
12 silly cache add   spec: 'git+https://github.com/aramk/CSSJSON.git',
12 silly cache add   type: 'hosted',
12 silly cache add   hosted:
12 silly cache add    { type: 'github',
12 silly cache add      ssh: 'git@github.com:aramk/CSSJSON.git',
12 silly cache add      sshUrl: 'git+ssh://git@github.com/aramk/CSSJSON.git',
12 silly cache add      httpsUrl: 'git+https://github.com/aramk/CSSJSON.git',
12 silly cache add      gitUrl: 'git://github.com/aramk/CSSJSON.git',
12 silly cache add      shortcut: 'github:aramk/CSSJSON',
12 silly cache add      directUrl: 'https://raw.githubusercontent.com/aramk/CSSJSON/master/package.json' } }
13 verbose addRemoteGit caching https://github.com/aramk/CSSJSON.git
14 verbose addRemoteGit git+https://github.com/aramk/CSSJSON.git is a repository hosted by github
15 silly tryClone cloning git+https://github.com/aramk/CSSJSON.git via git+https://github.com/aramk/CSSJSON.git
16 verbose tryClone git-https-github-com-aramk-CSSJSON-git-43dfbe51cd621cf0f8d282c553f85212 not in flight; caching
17 info git [ 'config', '--get', 'remote.origin.url' ]
18 silly validateExistingRemote git+https://github.com/aramk/CSSJSON.git remote.origin.url: https://github.com/aramk/CSSJSON.git
19 verbose validateExistingRemote git+https://github.com/aramk/CSSJSON.git is updating existing cached remote /Users/nerdfiles/.npm/_git-remotes/git-https-github-com-aramk-CSSJSON-git-43dfbe51cd621cf0f8d282c553f85212
20 info git [ 'fetch', '-a', 'origin' ]
21 verbose updateRemote git fetch -a origin (https://github.com/aramk/CSSJSON.git)
22 verbose setPermissions git+https://github.com/aramk/CSSJSON.git set permissions on /Users/nerdfiles/.npm/_git-remotes/git-https-github-com-aramk-CSSJSON-git-43dfbe51cd621cf0f8d282c553f85212
23 verbose resolveHead git+https://github.com/aramk/CSSJSON.git original treeish: master
24 info git [ 'rev-list', '-n1', 'master' ]
25 silly resolveHead git+https://github.com/aramk/CSSJSON.git resolved treeish: 768c91cf1c8dd9cf9db017e9dc1cbc9b862b7499
26 verbose resolveHead git+https://github.com/aramk/CSSJSON.git resolved Git URL: git+https://github.com/aramk/CSSJSON.git#768c91cf1c8dd9cf9db017e9dc1cbc9b862b7499
27 silly resolveHead Git working directory: /var/folders/h3/vk339jb901xbby6hnty9zmyr0000gn/T/npm-83301-41773688/git-cache-9f84ec079678d6184e71cf9fb7607190/768c91cf1c8dd9cf9db017e9dc1cbc9b862b7499
28 info git [ 'clone',
28 info git   '/Users/nerdfiles/.npm/_git-remotes/git-https-github-com-aramk-CSSJSON-git-43dfbe51cd621cf0f8d282c553f85212',
28 info git   '/var/folders/h3/vk339jb901xbby6hnty9zmyr0000gn/T/npm-83301-41773688/git-cache-9f84ec079678d6184e71cf9fb7607190/768c91cf1c8dd9cf9db017e9dc1cbc9b862b7499' ]
29 verbose cloneResolved git+https://github.com/aramk/CSSJSON.git clone Cloning into '/var/folders/h3/vk339jb901xbby6hnty9zmyr0000gn/T/npm-83301-41773688/git-cache-9f84ec079678d6184e71cf9fb7607190/768c91cf1c8dd9cf9db017e9dc1cbc9b862b7499'...
29 verbose cloneResolved done.
30 info git [ 'checkout', '768c91cf1c8dd9cf9db017e9dc1cbc9b862b7499' ]
31 verbose checkoutTreeish git+https://github.com/aramk/CSSJSON.git checkout Note: checking out '768c91cf1c8dd9cf9db017e9dc1cbc9b862b7499'.
31 verbose checkoutTreeish
31 verbose checkoutTreeish You are in 'detached HEAD' state. You can look around, make experimental
31 verbose checkoutTreeish changes and commit them, and you can discard any commits you make in this
31 verbose checkoutTreeish state without impacting any branches by performing another checkout.
31 verbose checkoutTreeish
31 verbose checkoutTreeish If you want to create a new branch to retain commits you create, you may
31 verbose checkoutTreeish do so (now or later) by using -b with the checkout command again. Example:
31 verbose checkoutTreeish
31 verbose checkoutTreeish   git checkout -b <new-branch-name>
31 verbose checkoutTreeish
31 verbose checkoutTreeish HEAD is now at 768c91c... Merge pull request #11 from triplekdev/master
32 error addLocal Could not install /var/folders/h3/vk339jb901xbby6hnty9zmyr0000gn/T/npm-83301-41773688/git-cache-9f84ec079678d6184e71cf9fb7607190/768c91cf1c8dd9cf9db017e9dc1cbc9b862b7499
33 silly fetchPackageMetaData Error: EISDIR, read
33 silly fetchPackageMetaData     at Error (native)
33 silly fetchPackageMetaData  error for https://github.com/aramk/CSSJSON.git { [Error: EISDIR, read] errno: -21, code: 'EISDIR' }
34 silly rollbackFailedOptional Starting
35 silly rollbackFailedOptional Finishing
36 silly runTopLevelLifecycles Starting
37 silly runTopLevelLifecycles Finishing
38 silly install printInstalled
39 verbose stack Error: EISDIR, read
39 verbose stack     at Error (native)
40 verbose cwd /Users/nerdfiles/Projects/css-sempai
41 error Darwin 15.0.0
42 error argv "node" "/usr/local/bin/npm" "install" "https://github.com/aramk/CSSJSON.git"
43 error node v0.12.2
44 error npm  v3.3.5
45 error code EISDIR
46 error errno -21
47 error eisdir EISDIR, read
47 error eisdir This is most likely not a problem with npm itself
47 error eisdir and is related to npm not being able to find a package.json in
47 error eisdir a package you are trying to install.
48 verbose exit [ -21, true ]
